c:\users\jin\documents\visual studio 2017\projects\jin engine\jin engine\x64\debug\vc141.pdb
c:\users\jin\documents\visual studio 2017\projects\jin engine\jin engine\x64\debug\vc141.idb
c:\users\jin\documents\visual studio 2017\projects\jin engine\jin engine\x64\debug\actor.obj
c:\users\jin\documents\visual studio 2017\projects\jin engine\jin engine\x64\debug\camera.obj
c:\users\jin\documents\visual studio 2017\projects\jin engine\jin engine\x64\debug\object.obj
c:\users\jin\documents\visual studio 2017\projects\jin engine\jin engine\x64\debug\assetdb.obj
c:\users\jin\documents\visual studio 2017\projects\jin engine\jin engine\x64\debug\geometry.obj
c:\users\jin\documents\visual studio 2017\projects\jin engine\jin engine\x64\debug\texture.obj
c:\users\jin\documents\visual studio 2017\projects\jin engine\jin engine\x64\debug\interface.obj
c:\users\jin\documents\visual studio 2017\projects\jin engine\jin engine\x64\debug\vulkan.obj
c:\users\jin\documents\visual studio 2017\projects\jin engine\jin engine\x64\debug\main.obj
c:\users\jin\documents\visual studio 2017\projects\jin engine\jin engine\x64\debug\renderer.obj
c:\users\jin\documents\visual studio 2017\projects\jin engine\jin engine\x64\debug\material.obj
c:\users\jin\documents\visual studio 2017\projects\jin engine\jin engine\shader\gbuffers.vert.spv
c:\users\jin\documents\visual studio 2017\projects\jin engine\jin engine\shader\pbr.vert.spv
c:\users\jin\documents\visual studio 2017\projects\jin engine\jin engine\shader\frustumculling.comp.spv
c:\users\jin\documents\visual studio 2017\projects\jin engine\jin engine\shader\gbuffers.frag.spv
c:\users\jin\documents\visual studio 2017\projects\jin engine\jin engine\shader\pbr.frag.spv
c:\users\jin\documents\visual studio 2017\projects\jin engine\x64\debug\jin engine.ilk
c:\users\jin\documents\visual studio 2017\projects\jin engine\x64\debug\jin engine.exe
c:\users\jin\documents\visual studio 2017\projects\jin engine\x64\debug\jin engine.pdb
c:\users\jin\documents\visual studio 2017\projects\jin engine\jin engine\x64\debug\jin engine.tlog\cl.command.1.tlog
c:\users\jin\documents\visual studio 2017\projects\jin engine\jin engine\x64\debug\jin engine.tlog\cl.read.1.tlog
c:\users\jin\documents\visual studio 2017\projects\jin engine\jin engine\x64\debug\jin engine.tlog\cl.write.1.tlog
c:\users\jin\documents\visual studio 2017\projects\jin engine\jin engine\x64\debug\jin engine.tlog\custombuild.command.1.tlog
c:\users\jin\documents\visual studio 2017\projects\jin engine\jin engine\x64\debug\jin engine.tlog\custombuild.read.1.tlog
c:\users\jin\documents\visual studio 2017\projects\jin engine\jin engine\x64\debug\jin engine.tlog\custombuild.write.1.tlog
c:\users\jin\documents\visual studio 2017\projects\jin engine\jin engine\x64\debug\jin engine.tlog\link.command.1.tlog
c:\users\jin\documents\visual studio 2017\projects\jin engine\jin engine\x64\debug\jin engine.tlog\link.read.1.tlog
c:\users\jin\documents\visual studio 2017\projects\jin engine\jin engine\x64\debug\jin engine.tlog\link.write.1.tlog
