c:\users\byumjin\documents\github\jin-engine-2.1\jin engine\jin engine\x64\release\vc141.pdb
c:\users\byumjin\documents\github\jin-engine-2.1\jin engine\jin engine\x64\release\imgui_impl_glfw_vulkan.obj
c:\users\byumjin\documents\github\jin-engine-2.1\jin engine\jin engine\x64\release\imgui_draw.obj
c:\users\byumjin\documents\github\jin-engine-2.1\jin engine\jin engine\x64\release\imgui_demo.obj
c:\users\byumjin\documents\github\jin-engine-2.1\jin engine\jin engine\x64\release\imgui.obj
c:\users\byumjin\documents\github\jin-engine-2.1\jin engine\jin engine\x64\release\renderer.obj
c:\users\byumjin\documents\github\jin-engine-2.1\jin engine\jin engine\x64\release\postprocess.obj
c:\users\byumjin\documents\github\jin-engine-2.1\jin engine\jin engine\x64\release\main.obj
c:\users\byumjin\documents\github\jin-engine-2.1\jin engine\jin engine\x64\release\vulkan.obj
c:\users\byumjin\documents\github\jin-engine-2.1\jin engine\jin engine\x64\release\interface.obj
c:\users\byumjin\documents\github\jin-engine-2.1\jin engine\jin engine\x64\release\texture.obj
c:\users\byumjin\documents\github\jin-engine-2.1\jin engine\jin engine\x64\release\material.obj
c:\users\byumjin\documents\github\jin-engine-2.1\jin engine\jin engine\x64\release\geometry.obj
c:\users\byumjin\documents\github\jin-engine-2.1\jin engine\jin engine\x64\release\assetdb.obj
c:\users\byumjin\documents\github\jin-engine-2.1\jin engine\jin engine\x64\release\object.obj
c:\users\byumjin\documents\github\jin-engine-2.1\jin engine\jin engine\x64\release\camera.obj
c:\users\byumjin\documents\github\jin-engine-2.1\jin engine\jin engine\x64\release\actor.obj
c:\users\byumjin\documents\github\jin-engine-2.1\jin engine\jin engine\shader\gbuffers.frag.spv
c:\users\byumjin\documents\github\jin-engine-2.1\jin engine\jin engine\shader\gbuffers.vert.spv
c:\users\byumjin\documents\github\jin-engine-2.1\jin engine\jin engine\shader\pbr.frag.spv
c:\users\byumjin\documents\github\jin-engine-2.1\jin engine\jin engine\shader\pbr.vert.spv
c:\users\byumjin\documents\github\jin-engine-2.1\jin engine\jin engine\shader\frustumculling.comp.spv
c:\users\byumjin\documents\github\jin-engine-2.1\jin engine\jin engine\shader\postprocess.frag.spv
c:\users\byumjin\documents\github\jin-engine-2.1\jin engine\jin engine\shader\postprocess.vert.spv
c:\users\byumjin\documents\github\jin-engine-2.1\jin engine\jin engine\shader\tonemapping.frag.spv
c:\users\byumjin\documents\github\jin-engine-2.1\jin engine\jin engine\shader\ssr.frag.spv
c:\users\byumjin\documents\github\jin-engine-2.1\jin engine\jin engine\shader\depthmipmap.frag.spv
c:\users\byumjin\documents\github\jin-engine-2.1\jin engine\jin engine\shader\sky.frag.spv
c:\users\byumjin\documents\github\jin-engine-2.1\jin engine\jin engine\shader\ssrr.frag.spv
c:\users\byumjin\documents\github\jin-engine-2.1\jin engine\jin engine\shader\ssrp.comp.spv
c:\users\byumjin\documents\github\jin-engine-2.1\jin engine\jin engine\shader\horizontalblur.frag.spv
c:\users\byumjin\documents\github\jin-engine-2.1\jin engine\jin engine\shader\verticalblur.frag.spv
c:\users\byumjin\documents\github\jin-engine-2.1\jin engine\jin engine\shader\holepatching.frag.spv
c:\users\byumjin\documents\github\jin-engine-2.1\jin engine\jin engine\shader\compositepostprocess.frag.spv
c:\users\byumjin\documents\github\jin-engine-2.1\jin engine\x64\release\jin engine.ipdb
c:\users\byumjin\documents\github\jin-engine-2.1\jin engine\x64\release\jin engine.iobj
c:\users\byumjin\documents\github\jin-engine-2.1\jin engine\x64\release\jin engine.exe
c:\users\byumjin\documents\github\jin-engine-2.1\jin engine\x64\release\jin engine.pdb
c:\users\byumjin\documents\github\jin-engine-2.1\jin engine\jin engine\x64\release\jin engine.tlog\cl.command.1.tlog
c:\users\byumjin\documents\github\jin-engine-2.1\jin engine\jin engine\x64\release\jin engine.tlog\cl.read.1.tlog
c:\users\byumjin\documents\github\jin-engine-2.1\jin engine\jin engine\x64\release\jin engine.tlog\cl.write.1.tlog
c:\users\byumjin\documents\github\jin-engine-2.1\jin engine\jin engine\x64\release\jin engine.tlog\custombuild.command.1.tlog
c:\users\byumjin\documents\github\jin-engine-2.1\jin engine\jin engine\x64\release\jin engine.tlog\custombuild.read.1.tlog
c:\users\byumjin\documents\github\jin-engine-2.1\jin engine\jin engine\x64\release\jin engine.tlog\custombuild.write.1.tlog
c:\users\byumjin\documents\github\jin-engine-2.1\jin engine\jin engine\x64\release\jin engine.tlog\jin engine.write.1u.tlog
c:\users\byumjin\documents\github\jin-engine-2.1\jin engine\jin engine\x64\release\jin engine.tlog\link.command.1.tlog
c:\users\byumjin\documents\github\jin-engine-2.1\jin engine\jin engine\x64\release\jin engine.tlog\link.read.1.tlog
c:\users\byumjin\documents\github\jin-engine-2.1\jin engine\jin engine\x64\release\jin engine.tlog\link.write.1.tlog
